which: no aarch64-linux-android-elfedit in (/home/zareth/Pixel3/toolchain/proton-clang/bin:/home/zareth/Pixel3/toolchain/gcc-arm64/bin:/home/zareth/Pixel3/toolchain/gcc-arm/bin:/usr/local/sbin:/usr/local/bin:/usr/sbin:/usr/bin:/sbin:/bin:/usr/games:/usr/local/games:/usr/lib/wsl/lib:/mnt/c/Program Files/Microsoft/jdk-21.0.10.7-hotspot/bin:/mnt/c/Program Files/PHP/current:/mnt/c/WINDOWS/system32:/mnt/c/WINDOWS:/mnt/c/WINDOWS/System32/Wbem:/mnt/c/WINDOWS/System32/WindowsPowerShell/v1.0/:/mnt/c/WINDOWS/System32/OpenSSH/:/mnt/c/Program Files/dotnet/:/mnt/c/Program Files/Cloudflare/Cloudflare WARP/:/mnt/c/Program Files/nodejs/:/mnt/c/Program Files/Git/cmd:/mnt/c/Users/Zareth/AppData/Local/Programs/Python/Python311/Scripts/:/mnt/c/Users/Zareth/AppData/Local/Programs/Python/Python311/:/mnt/c/Users/Zareth/AppData/Local/Microsoft/WindowsApps:/mnt/c/Users/Zareth/AppData/Local/Programs/Antigravity/bin:/mnt/c/Users/Zareth/AppData/Local/Programs/Microsoft VS Code/bin:/mnt/c/Users/Zareth/.dotnet/tools:/mnt/c/adb:/mnt/c/Users/Zareth/AppData/Local/Microsoft/WinGet/Links:/mnt/c/Users/Zareth/AppData/Local/Microsoft/WinGet/Packages/yt-dlp.FFmpeg_Microsoft.Winget.Source_8wekyb3d8bbwe/ffmpeg-N-122319-gf6a95c7eb7-win64-gpl/bin:/mnt/c/msys64/ucrt64/bin:/mnt/c/php:/mnt/c/Users/Zareth/AppData/Roaming/npm:/usr/bin/site_perl:/usr/bin/vendor_perl:/usr/bin/core_perl)
which: no arm-linux-androideabi-ld in (/home/zareth/Pixel3/toolchain/proton-clang/bin:/home/zareth/Pixel3/toolchain/gcc-arm64/bin:/home/zareth/Pixel3/toolchain/gcc-arm/bin:/usr/local/sbin:/usr/local/bin:/usr/sbin:/usr/bin:/sbin:/bin:/usr/games:/usr/local/games:/usr/lib/wsl/lib:/mnt/c/Program Files/Microsoft/jdk-21.0.10.7-hotspot/bin:/mnt/c/Program Files/PHP/current:/mnt/c/WINDOWS/system32:/mnt/c/WINDOWS:/mnt/c/WINDOWS/System32/Wbem:/mnt/c/WINDOWS/System32/WindowsPowerShell/v1.0/:/mnt/c/WINDOWS/System32/OpenSSH/:/mnt/c/Program Files/dotnet/:/mnt/c/Program Files/Cloudflare/Cloudflare WARP/:/mnt/c/Program Files/nodejs/:/mnt/c/Program Files/Git/cmd:/mnt/c/Users/Zareth/AppData/Local/Programs/Python/Python311/Scripts/:/mnt/c/Users/Zareth/AppData/Local/Programs/Python/Python311/:/mnt/c/Users/Zareth/AppData/Local/Microsoft/WindowsApps:/mnt/c/Users/Zareth/AppData/Local/Programs/Antigravity/bin:/mnt/c/Users/Zareth/AppData/Local/Programs/Microsoft VS Code/bin:/mnt/c/Users/Zareth/.dotnet/tools:/mnt/c/adb:/mnt/c/Users/Zareth/AppData/Local/Microsoft/WinGet/Links:/mnt/c/Users/Zareth/AppData/Local/Microsoft/WinGet/Packages/yt-dlp.FFmpeg_Microsoft.Winget.Source_8wekyb3d8bbwe/ffmpeg-N-122319-gf6a95c7eb7-win64-gpl/bin:/mnt/c/msys64/ucrt64/bin:/mnt/c/php:/mnt/c/Users/Zareth/AppData/Roaming/npm:/usr/bin/site_perl:/usr/bin/vendor_perl:/usr/bin/core_perl)
  CHK     include/config/kernel.release
  GEN     ./Makefile
  WRAP    arch/arm64/include/generated/asm/bugs.h
  WRAP    arch/arm64/include/generated/asm/clkdev.h
  WRAP    arch/arm64/include/generated/asm/cputime.h
  WRAP    arch/arm64/include/generated/asm/delay.h
  WRAP    arch/arm64/include/generated/asm/div64.h
  WRAP    arch/arm64/include/generated/asm/dma.h
  WRAP    arch/arm64/include/generated/asm/dma-contiguous.h
  WRAP    arch/arm64/include/generated/asm/early_ioremap.h
  WRAP    arch/arm64/include/generated/asm/emergency-restart.h
  WRAP    arch/arm64/include/generated/asm/errno.h
  WRAP    arch/arm64/include/generated/asm/hw_irq.h
  WRAP    arch/arm64/include/generated/asm/ioctl.h
  WRAP    arch/arm64/include/generated/asm/ioctls.h
  WRAP    arch/arm64/include/generated/asm/ipcbuf.h
  WRAP    arch/arm64/include/generated/asm/irq_regs.h
  WRAP    arch/arm64/include/generated/asm/kdebug.h
  WRAP    arch/arm64/include/generated/asm/kmap_types.h
  WRAP    arch/arm64/include/generated/asm/kvm_para.h
  WRAP    arch/arm64/include/generated/asm/local.h
  WRAP    arch/arm64/include/generated/asm/local64.h
  WRAP    arch/arm64/include/generated/asm/mcs_spinlock.h
  WRAP    arch/arm64/include/generated/asm/mm-arch-hooks.h
  WRAP    arch/arm64/include/generated/asm/mman.h
  WRAP    arch/arm64/include/generated/asm/msgbuf.h
  WRAP    arch/arm64/include/generated/asm/msi.h
  WRAP    arch/arm64/include/generated/asm/mutex.h
  WRAP    arch/arm64/include/generated/asm/poll.h
  WRAP    arch/arm64/include/generated/asm/preempt.h
  WRAP    arch/arm64/include/generated/asm/resource.h
  WRAP    arch/arm64/include/generated/asm/rwsem.h
  WRAP    arch/arm64/include/generated/asm/segment.h
  WRAP    arch/arm64/include/generated/asm/sembuf.h
  WRAP    arch/arm64/include/generated/asm/serial.h
  WRAP    arch/arm64/include/generated/asm/shmbuf.h
  WRAP    arch/arm64/include/generated/asm/simd.h
  WRAP    arch/arm64/include/generated/asm/sizes.h
  WRAP    arch/arm64/include/generated/asm/sockios.h
  WRAP    arch/arm64/include/generated/asm/socket.h
  WRAP    arch/arm64/include/generated/asm/swab.h
  WRAP    arch/arm64/include/generated/asm/switch_to.h
  WRAP    arch/arm64/include/generated/asm/termbits.h
  WRAP    arch/arm64/include/generated/asm/termios.h
  WRAP    arch/arm64/include/generated/asm/types.h
  WRAP    arch/arm64/include/generated/asm/trace_clock.h
  WRAP    arch/arm64/include/generated/asm/unaligned.h
  WRAP    arch/arm64/include/generated/asm/user.h
  WRAP    arch/arm64/include/generated/asm/vga.h
  WRAP    arch/arm64/include/generated/asm/xor.h
  WRAP    arch/arm64/include/generated/uapi/asm/kvm_para.h
  CHK     include/generated/uapi/linux/version.h
  UPD     include/generated/uapi/linux/version.h
  CHK     include/generated/utsrelease.h
  UPD     include/generated/utsrelease.h
  Using .. as source for kernel
  HOSTCC  scripts/kallsyms
  HOSTCC  scripts/conmakehash
  HOSTCC  scripts/sortextable
  HOSTCC  scripts/asn1_compiler
  HOSTCC  scripts/genksyms/genksyms.o
  CC      scripts/mod/empty.o
  HOSTCC  scripts/selinux/genheaders/genheaders
/bin/sh: line 1: aarch64-linux-android-objdump: command not found
  HOSTCC  scripts/mod/mk_elfconfig
/home/zareth/Pixel3/toolchain/proton-clang/bin/ld: /home/zareth/Pixel3/toolchain/proton-clang/bin/ld: /usr/lib/gcc/x86_64-pc-linux-gnu/16.1.1/../../../../lib/libgcc_s.so.1: unknown type [0x13] section `.relr.dyn'
/usr/lib/gcc/x86_64-pc-linux-gnu/16.1.1/../../../../lib/libgcc_s.so.1: unknown type [0x13] section `.relr.dyn'
/home/zareth/Pixel3/toolchain/proton-clang/bin/ld: skipping incompatible /usr/lib/gcc/x86_64-pc-linux-gnu/16.1.1/../../../../lib/libgcc_s.so.1 when searching for libgcc_s.so.1
/home/zareth/Pixel3/toolchain/proton-clang/bin/ld: skipping incompatible /usr/lib/gcc/x86_64-pc-linux-gnu/16.1.1/../../../../lib/libgcc_s.so.1 when searching for libgcc_s.so.1
/home/zareth/Pixel3/toolchain/proton-clang/bin/ld: /usr/lib/gcc/x86_64-pc-linux-gnu/16.1.1/../../../../lib/libgcc_s.so.1/home/zareth/Pixel3/toolchain/proton-clang/bin/ld: : unknown type [/usr/lib/gcc/x86_64-pc-linux-gnu/16.1.1/../../../../lib/libgcc_s.so.10x13: unknown type [] section `0x13.relr.dyn] section `'.relr.dyn
'
/home/zareth/Pixel3/toolchain/proton-clang/bin/ld: skipping incompatible /usr/lib/gcc/x86_64-pc-linux-gnu/16.1.1/../../../../lib/libgcc_s.so.1 when searching for libgcc_s.so.1
/home/zareth/Pixel3/toolchain/proton-clang/bin/ld/home/zareth/Pixel3/toolchain/proton-clang/bin/ld: : skipping incompatible /lib/../lib/libgcc_s.so.1/usr/lib/gcc/x86_64-pc-linux-gnu/16.1.1/../../../../lib/libgcc_s.so.1 when searching for : unknown type [libgcc_s.so.1
0x13] section `.relr.dyn'
/home/zareth/Pixel3/toolchain/proton-clang/bin/ld: skipping incompatible /lib/../lib/libgcc_s.so.1 when searching for libgcc_s.so.1
/home/zareth/Pixel3/toolchain/proton-clang/bin/ld: /lib/../lib/libgcc_s.so.1: unknown type [0x13] section `.relr.dyn'
/home/zareth/Pixel3/toolchain/proton-clang/bin/ld: /usr/lib/../lib/libgcc_s.so.1: unknown type [0x13] section `.relr.dyn'
/home/zareth/Pixel3/toolchain/proton-clang/bin/ld: skipping incompatible /lib/../lib/libgcc_s.so.1 when searching for libgcc_s.so.1
/home/zareth/Pixel3/toolchain/proton-clang/bin/ld: skipping incompatible /usr/lib/../lib/libgcc_s.so.1 when searching for libgcc_s.so.1
/home/zareth/Pixel3/toolchain/proton-clang/bin/ld: /usr/lib/../lib/libgcc_s.so.1: unknown type [0x13] section `.relr.dyn'
/home/zareth/Pixel3/toolchain/proton-clang/bin/ld: skipping incompatible /usr/lib/../lib/libgcc_s.so.1 when searching for libgcc_s.so.1
/home/zareth/Pixel3/toolchain/proton-clang/bin/ld: /usr/lib/gcc/x86_64-pc-linux-gnu/16.1.1/../../../libgcc_s.so.1: unknown type [0x13] section `.relr.dyn'
/home/zareth/Pixel3/toolchain/proton-clang/bin/ld: /home/zareth/Pixel3/toolchain/proton-clang/bin/ld: skipping incompatible /usr/lib/gcc/x86_64-pc-linux-gnu/16.1.1/../../../libgcc_s.so.1/usr/lib/gcc/x86_64-pc-linux-gnu/16.1.1/../../../libgcc_s.so.1: unknown type [ when searching for libgcc_s.so.10x13
] section `.relr.dyn'
/home/zareth/Pixel3/toolchain/proton-clang/bin/ld: /lib/libgcc_s.so.1: unknown type [0x13] section `/home/zareth/Pixel3/toolchain/proton-clang/bin/ld.relr.dyn: skipping incompatible '/usr/lib/gcc/x86_64-pc-linux-gnu/16.1.1/../../../libgcc_s.so.1
 when searching for libgcc_s.so.1
/home/zareth/Pixel3/toolchain/proton-clang/bin/ld: /lib/libgcc_s.so.1: unknown type [0x13] section `.relr.dyn'
/home/zareth/Pixel3/toolchain/proton-clang/bin/ld: skipping incompatible /lib/libgcc_s.so.1 when searching for libgcc_s.so.1
/home/zareth/Pixel3/toolchain/proton-clang/bin/ld: skipping incompatible /lib/libgcc_s.so.1 when searching for libgcc_s.so.1
/home/zareth/Pixel3/toolchain/proton-clang/bin/ld: /usr/lib/libgcc_s.so.1: unknown type [0x13] section `.relr.dyn'
/home/zareth/Pixel3/toolchain/proton-clang/bin/ld: /usr/lib/libgcc_s.so.1: unknown type [0x13] section `.relr.dyn'
/home/zareth/Pixel3/toolchain/proton-clang/bin/ld: skipping incompatible /usr/lib/libgcc_s.so.1 when searching for libgcc_s.so.1
/home/zareth/Pixel3/toolchain/proton-clang/bin/ld: skipping incompatible /usr/lib/libgcc_s.so.1 when searching for libgcc_s.so.1
/home/zareth/Pixel3/toolchain/proton-clang/bin/ld: /lib64/libgcc_s.so.1: unknown type [0x13] section `.relr.dyn'
/home/zareth/Pixel3/toolchain/proton-clang/bin/ld: /lib64/libgcc_s.so.1: unknown type [0x13] section `.relr.dyn'
/home/zareth/Pixel3/toolchain/proton-clang/bin/ld: skipping incompatible /lib64/libgcc_s.so.1 when searching for libgcc_s.so.1
/home/zareth/Pixel3/toolchain/proton-clang/bin/ld: /usr/lib64/libgcc_s.so.1: unknown type [0x13] section `.relr.dyn'
/home/zareth/Pixel3/toolchain/proton-clang/bin/ld: skipping incompatible /lib64/libgcc_s.so.1 when searching for libgcc_s.so.1
/home/zareth/Pixel3/toolchain/proton-clang/bin/ld: skipping incompatible /usr/lib64/libgcc_s.so.1 when searching for libgcc_s.so.1
/home/zareth/Pixel3/toolchain/proton-clang/bin/ld: /usr/lib64/libgcc_s.so.1: unknown type [0x13] section `.relr.dyn'
/home/zareth/Pixel3/toolchain/proton-clang/bin/ld: /lib/libgcc_s.so.1: unknown type [0x13] section `.relr.dyn'
/home/zareth/Pixel3/toolchain/proton-clang/bin/ld: skipping incompatible /lib/libgcc_s.so.1 when searching for libgcc_s.so.1
/home/zareth/Pixel3/toolchain/proton-clang/bin/ld: skipping incompatible /usr/lib64/libgcc_s.so.1 when searching for libgcc_s.so.1
/home/zareth/Pixel3/toolchain/proton-clang/bin/ld: /usr/lib/libgcc_s.so.1: unknown type [0x13] section `.relr.dyn'
/home/zareth/Pixel3/toolchain/proton-clang/bin/ld: /lib/libgcc_s.so.1: unknown type [0x13] section `.relr.dyn'
/home/zareth/Pixel3/toolchain/proton-clang/bin/ld: skipping incompatible /usr/lib/libgcc_s.so.1 when searching for libgcc_s.so.1
/home/zareth/Pixel3/toolchain/proton-clang/bin/ld: cannot find libgcc_s.so.1
/home/zareth/Pixel3/toolchain/proton-clang/bin/ld: skipping incompatible /lib/libgcc_s.so.1 when searching for libgcc_s.so.1/home/zareth/Pixel3/toolchain/proton-clang/bin/ld: /usr/lib/gcc/x86_64-pc-linux-gnu/16.1.1/../../../../lib/libgcc_s.so.1: unknown type [0x13] section `.relr.dyn'

/home/zareth/Pixel3/toolchain/proton-clang/bin/ld: skipping incompatible /usr/lib/gcc/x86_64-pc-linux-gnu/16.1.1/../../../../lib/libgcc_s.so.1 when searching for libgcc_s.so.1
/home/zareth/Pixel3/toolchain/proton-clang/bin/ld: /usr/lib/libgcc_s.so.1: unknown type [0x13] section `.relr.dyn'
/home/zareth/Pixel3/toolchain/proton-clang/bin/ld: /lib/../lib/libgcc_s.so.1: unknown type [0x13] section `.relr.dyn'
/home/zareth/Pixel3/toolchain/proton-clang/bin/ld: skipping incompatible /lib/../lib/libgcc_s.so.1 when searching for libgcc_s.so.1
/home/zareth/Pixel3/toolchain/proton-clang/bin/ld: skipping incompatible /usr/lib/libgcc_s.so.1 when searching for libgcc_s.so.1
/home/zareth/Pixel3/toolchain/proton-clang/bin/ld: cannot find libgcc_s.so.1
/home/zareth/Pixel3/toolchain/proton-clang/bin/ld: /usr/lib/../lib/libgcc_s.so.1: unknown type [0x13] section `.relr.dyn'
/home/zareth/Pixel3/toolchain/proton-clang/bin/ld: /usr/lib/gcc/x86_64-pc-linux-gnu/16.1.1/../../../../lib/libgcc_s.so.1: unknown type [0x13] section `.relr.dyn'
/home/zareth/Pixel3/toolchain/proton-clang/bin/ld: skipping incompatible /usr/lib/../lib/libgcc_s.so.1 when searching for libgcc_s.so.1
/home/zareth/Pixel3/toolchain/proton-clang/bin/ld: /usr/lib/gcc/x86_64-pc-linux-gnu/16.1.1/../../../libgcc_s.so.1: unknown type [0x13] section `.relr.dyn'
/home/zareth/Pixel3/toolchain/proton-clang/bin/ld: skipping incompatible /usr/lib/gcc/x86_64-pc-linux-gnu/16.1.1/../../../../lib/libgcc_s.so.1 when searching for libgcc_s.so.1
/home/zareth/Pixel3/toolchain/proton-clang/bin/ld: skipping incompatible /usr/lib/gcc/x86_64-pc-linux-gnu/16.1.1/../../../libgcc_s.so.1 when searching for libgcc_s.so.1
/home/zareth/Pixel3/toolchain/proton-clang/bin/ld: /lib/../lib/libgcc_s.so.1/home/zareth/Pixel3/toolchain/proton-clang/bin/ld: /lib/libgcc_s.so.1: unknown type [: unknown type [0x13] section `0x13.relr.dyn] section `'.relr.dyn
'
/home/zareth/Pixel3/toolchain/proton-clang/bin/ld: skipping incompatible /lib/libgcc_s.so.1 when searching for libgcc_s.so.1
/home/zareth/Pixel3/toolchain/proton-clang/bin/ld: skipping incompatible /lib/../lib/libgcc_s.so.1 when searching for libgcc_s.so.1
/home/zareth/Pixel3/toolchain/proton-clang/bin/ld: /usr/lib/libgcc_s.so.1: unknown type [0x13] section `.relr.dyn'
/home/zareth/Pixel3/toolchain/proton-clang/bin/ld: /usr/lib/../lib/libgcc_s.so.1: unknown type [0x13] section `.relr.dyn'
/home/zareth/Pixel3/toolchain/proton-clang/bin/ld: skipping incompatible /usr/lib/libgcc_s.so.1 when searching for libgcc_s.so.1
/home/zareth/Pixel3/toolchain/proton-clang/bin/ld: /lib64/libgcc_s.so.1: unknown type [0x13] section `.relr.dyn'
/home/zareth/Pixel3/toolchain/proton-clang/bin/ld: skipping incompatible /usr/lib/../lib/libgcc_s.so.1 when searching for libgcc_s.so.1
/home/zareth/Pixel3/toolchain/proton-clang/bin/ld: skipping incompatible /lib64/libgcc_s.so.1 when searching for libgcc_s.so.1
/home/zareth/Pixel3/toolchain/proton-clang/bin/ld: /usr/lib/gcc/x86_64-pc-linux-gnu/16.1.1/../../../libgcc_s.so.1: unknown type [0x13] section `.relr.dyn'
/home/zareth/Pixel3/toolchain/proton-clang/bin/ld: /usr/lib64/libgcc_s.so.1: unknown type [0x13] section `.relr.dyn'
/home/zareth/Pixel3/toolchain/proton-clang/bin/ld: skipping incompatible /usr/lib64/libgcc_s.so.1 when searching for libgcc_s.so.1
/home/zareth/Pixel3/toolchain/proton-clang/bin/ld: skipping incompatible /usr/lib/gcc/x86_64-pc-linux-gnu/16.1.1/../../../libgcc_s.so.1 when searching for libgcc_s.so.1
/home/zareth/Pixel3/toolchain/proton-clang/bin/ld: /lib/libgcc_s.so.1: unknown type [0x13] section `.relr.dyn'
/home/zareth/Pixel3/toolchain/proton-clang/bin/ld: /lib/libgcc_s.so.1: unknown type [0x13] section `.relr.dyn'
/home/zareth/Pixel3/toolchain/proton-clang/bin/ld: skipping incompatible /lib/libgcc_s.so.1 when searching for libgcc_s.so.1
/home/zareth/Pixel3/toolchain/proton-clang/bin/ld: /usr/lib/libgcc_s.so.1: unknown type [0x13] section `.relr.dyn'
/home/zareth/Pixel3/toolchain/proton-clang/bin/ld: skipping incompatible /lib/libgcc_s.so.1 when searching for libgcc_s.so.1
/home/zareth/Pixel3/toolchain/proton-clang/bin/ld: skipping incompatible /usr/lib/libgcc_s.so.1 when searching for libgcc_s.so.1
/home/zareth/Pixel3/toolchain/proton-clang/bin/ld: /usr/lib/libgcc_s.so.1: unknown type [0x13] section `.relr.dyn'
/home/zareth/Pixel3/toolchain/proton-clang/bin/ld: skipping incompatible /usr/lib/libgcc_s.so.1 when searching for libgcc_s.so.1
/home/zareth/Pixel3/toolchain/proton-clang/bin/ld: /lib64/libgcc_s.so.1: unknown type [0x13] section `.relr.dyn'
/home/zareth/Pixel3/toolchain/proton-clang/bin/ld: skipping incompatible /lib64/libgcc_s.so.1 when searching for libgcc_s.so.1
/home/zareth/Pixel3/toolchain/proton-clang/bin/ld: /usr/lib64/libgcc_s.so.1: unknown type [0x13] section `.relr.dyn'
/home/zareth/Pixel3/toolchain/proton-clang/bin/ld: skipping incompatible /usr/lib64/libgcc_s.so.1 when searching for libgcc_s.so.1
/home/zareth/Pixel3/toolchain/proton-clang/bin/ld: /lib/libgcc_s.so.1: unknown type [0x13] section `.relr.dyn'
/home/zareth/Pixel3/toolchain/proton-clang/bin/ld: skipping incompatible /lib/libgcc_s.so.1 when searching for libgcc_s.so.1
/home/zareth/Pixel3/toolchain/proton-clang/bin/ld: /usr/lib/libgcc_s.so.1: unknown type [0x13] section `.relr.dyn'
collect2: error: ld returned 1 exit status
/home/zareth/Pixel3/toolchain/proton-clang/bin/ld: skipping incompatible /usr/lib/libgcc_s.so.1 when searching for libgcc_s.so.1
collect2: error: ld returned 1 exit status
make[2]: *** [scripts/Makefile.host:101: scripts/conmakehash] Error 1
make[2]: *** Waiting for unfinished jobs....
make[4]: *** [scripts/Makefile.host:101: scripts/selinux/genheaders/genheaders] Error 1
  CC      scripts/mod/devicetable-offsets.s
make[3]: *** [../scripts/Makefile.build:656: scripts/selinux/genheaders] Error 2
make[2]: *** [../scripts/Makefile.build:656: scripts/selinux] Error 2
  SHIPPED scripts/genksyms/parse.tab.c
  SHIPPED scripts/genksyms/lex.lex.c
  SHIPPED scripts/genksyms/keywords.hash.c
  SHIPPED scripts/genksyms/parse.tab.h
  HOSTCC  scripts/genksyms/parse.tab.o
/home/zareth/Pixel3/toolchain/proton-clang/bin/ld: /usr/lib/gcc/x86_64-pc-linux-gnu/16.1.1/../../../../lib/libgcc_s.so.1: unknown type [0x13] section `.relr.dyn'
/home/zareth/Pixel3/toolchain/proton-clang/bin/ld: skipping incompatible /usr/lib/gcc/x86_64-pc-linux-gnu/16.1.1/../../../../lib/libgcc_s.so.1 when searching for libgcc_s.so.1
/home/zareth/Pixel3/toolchain/proton-clang/bin/ld: /usr/lib/gcc/x86_64-pc-linux-gnu/16.1.1/../../../../lib/libgcc_s.so.1: unknown type [0x13] section `.relr.dyn'
/home/zareth/Pixel3/toolchain/proton-clang/bin/ld: skipping incompatible /usr/lib/gcc/x86_64-pc-linux-gnu/16.1.1/../../../../lib/libgcc_s.so.1 when searching for libgcc_s.so.1
/home/zareth/Pixel3/toolchain/proton-clang/bin/ld: /lib/../lib/libgcc_s.so.1: unknown type [0x13] section `.relr.dyn'
/home/zareth/Pixel3/toolchain/proton-clang/bin/ld: skipping incompatible /lib/../lib/libgcc_s.so.1 when searching for libgcc_s.so.1
/home/zareth/Pixel3/toolchain/proton-clang/bin/ld: /usr/lib/../lib/libgcc_s.so.1: unknown type [0x13] section `.relr.dyn'
/home/zareth/Pixel3/toolchain/proton-clang/bin/ld: skipping incompatible /usr/lib/../lib/libgcc_s.so.1 when searching for libgcc_s.so.1
/home/zareth/Pixel3/toolchain/proton-clang/bin/ld: /usr/lib/gcc/x86_64-pc-linux-gnu/16.1.1/../../../libgcc_s.so.1: unknown type [0x13] section `.relr.dyn'
/home/zareth/Pixel3/toolchain/proton-clang/bin/ld: skipping incompatible /usr/lib/gcc/x86_64-pc-linux-gnu/16.1.1/../../../libgcc_s.so.1 when searching for libgcc_s.so.1
/home/zareth/Pixel3/toolchain/proton-clang/bin/ld: /lib/libgcc_s.so.1: unknown type [0x13] section `.relr.dyn'
/home/zareth/Pixel3/toolchain/proton-clang/bin/ld: skipping incompatible /lib/libgcc_s.so.1 when searching for libgcc_s.so.1
/home/zareth/Pixel3/toolchain/proton-clang/bin/ld: /usr/lib/libgcc_s.so.1: unknown type [0x13] section `.relr.dyn'
/home/zareth/Pixel3/toolchain/proton-clang/bin/ld: skipping incompatible /usr/lib/libgcc_s.so.1 when searching for libgcc_s.so.1
/home/zareth/Pixel3/toolchain/proton-clang/bin/ld: /lib64/libgcc_s.so.1: unknown type [0x13] section `.relr.dyn'
/home/zareth/Pixel3/toolchain/proton-clang/bin/ld: skipping incompatible /lib64/libgcc_s.so.1 when searching for libgcc_s.so.1
/home/zareth/Pixel3/toolchain/proton-clang/bin/ld: /usr/lib64/libgcc_s.so.1: unknown type [0x13] section `.relr.dyn'
/home/zareth/Pixel3/toolchain/proton-clang/bin/ld: skipping incompatible /usr/lib64/libgcc_s.so.1 when searching for libgcc_s.so.1
/home/zareth/Pixel3/toolchain/proton-clang/bin/ld: /lib/libgcc_s.so.1: unknown type [0x13] section `.relr.dyn'
/home/zareth/Pixel3/toolchain/proton-clang/bin/ld: skipping incompatible /lib/libgcc_s.so.1 when searching for libgcc_s.so.1
/home/zareth/Pixel3/toolchain/proton-clang/bin/ld: /usr/lib/libgcc_s.so.1: unknown type [0x13] section `.relr.dyn'
/home/zareth/Pixel3/toolchain/proton-clang/bin/ld: skipping incompatible /usr/lib/libgcc_s.so.1 when searching for libgcc_s.so.1
/home/zareth/Pixel3/toolchain/proton-clang/bin/ld: cannot find libgcc_s.so.1
/home/zareth/Pixel3/toolchain/proton-clang/bin/ld: /usr/lib/gcc/x86_64-pc-linux-gnu/16.1.1/../../../../lib/libgcc_s.so.1: unknown type [0x13] section `.relr.dyn'
/home/zareth/Pixel3/toolchain/proton-clang/bin/ld: skipping incompatible /usr/lib/gcc/x86_64-pc-linux-gnu/16.1.1/../../../../lib/libgcc_s.so.1 when searching for libgcc_s.so.1
/home/zareth/Pixel3/toolchain/proton-clang/bin/ld: /lib/../lib/libgcc_s.so.1: unknown type [0x13] section `.relr.dyn'
/home/zareth/Pixel3/toolchain/proton-clang/bin/ld: skipping incompatible /lib/../lib/libgcc_s.so.1 when searching for libgcc_s.so.1
/home/zareth/Pixel3/toolchain/proton-clang/bin/ld: /usr/lib/../lib/libgcc_s.so.1: unknown type [0x13] section `.relr.dyn'
/home/zareth/Pixel3/toolchain/proton-clang/bin/ld: skipping incompatible /usr/lib/../lib/libgcc_s.so.1 when searching for libgcc_s.so.1
/home/zareth/Pixel3/toolchain/proton-clang/bin/ld: /usr/lib/gcc/x86_64-pc-linux-gnu/16.1.1/../../../libgcc_s.so.1: unknown type [0x13] section `.relr.dyn'
/home/zareth/Pixel3/toolchain/proton-clang/bin/ld: skipping incompatible /usr/lib/gcc/x86_64-pc-linux-gnu/16.1.1/../../../libgcc_s.so.1 when searching for libgcc_s.so.1
/home/zareth/Pixel3/toolchain/proton-clang/bin/ld: /lib/libgcc_s.so.1: unknown type [0x13] section `.relr.dyn'
/home/zareth/Pixel3/toolchain/proton-clang/bin/ld: skipping incompatible /lib/libgcc_s.so.1 when searching for libgcc_s.so.1
/home/zareth/Pixel3/toolchain/proton-clang/bin/ld: /usr/lib/libgcc_s.so.1: unknown type [0x13] section `.relr.dyn'
/home/zareth/Pixel3/toolchain/proton-clang/bin/ld: skipping incompatible /usr/lib/libgcc_s.so.1 when searching for libgcc_s.so.1
/home/zareth/Pixel3/toolchain/proton-clang/bin/ld: /lib64/libgcc_s.so.1: unknown type [0x13] section `.relr.dyn'
/home/zareth/Pixel3/toolchain/proton-clang/bin/ld: skipping incompatible /lib64/libgcc_s.so.1 when searching for libgcc_s.so.1
/home/zareth/Pixel3/toolchain/proton-clang/bin/ld: /usr/lib64/libgcc_s.so.1: unknown type [0x13] section `.relr.dyn'
/home/zareth/Pixel3/toolchain/proton-clang/bin/ld: skipping incompatible /usr/lib64/libgcc_s.so.1 when searching for libgcc_s.so.1
/home/zareth/Pixel3/toolchain/proton-clang/bin/ld: /lib/libgcc_s.so.1: unknown type [0x13] section `.relr.dyn'
/home/zareth/Pixel3/toolchain/proton-clang/bin/ld: skipping incompatible /lib/libgcc_s.so.1 when searching for libgcc_s.so.1
/home/zareth/Pixel3/toolchain/proton-clang/bin/ld: /usr/lib/libgcc_s.so.1: unknown type [0x13] section `.relr.dyn'
/home/zareth/Pixel3/toolchain/proton-clang/bin/ld: skipping incompatible /usr/lib/libgcc_s.so.1 when searching for libgcc_s.so.1
collect2: error: ld returned 1 exit status
make[3]: *** [scripts/Makefile.host:101: scripts/mod/mk_elfconfig] Error 1
make[3]: *** Waiting for unfinished jobs....
  HOSTCC  scripts/genksyms/lex.lex.o
make[2]: *** [../scripts/Makefile.build:656: scripts/mod] Error 2
/home/zareth/Pixel3/toolchain/proton-clang/bin/ld: /usr/lib/gcc/x86_64-pc-linux-gnu/16.1.1/../../../../lib/libgcc_s.so.1: unknown type [0x13] section `.relr.dyn'
/home/zareth/Pixel3/toolchain/proton-clang/bin/ld: skipping incompatible /usr/lib/gcc/x86_64-pc-linux-gnu/16.1.1/../../../../lib/libgcc_s.so.1 when searching for libgcc_s.so.1
/home/zareth/Pixel3/toolchain/proton-clang/bin/ld: /usr/lib/gcc/x86_64-pc-linux-gnu/16.1.1/../../../../lib/libgcc_s.so.1: unknown type [0x13] section `.relr.dyn'
/home/zareth/Pixel3/toolchain/proton-clang/bin/ld: skipping incompatible /usr/lib/gcc/x86_64-pc-linux-gnu/16.1.1/../../../../lib/libgcc_s.so.1 when searching for libgcc_s.so.1
/home/zareth/Pixel3/toolchain/proton-clang/bin/ld: /lib/../lib/libgcc_s.so.1: unknown type [0x13] section `.relr.dyn'
/home/zareth/Pixel3/toolchain/proton-clang/bin/ld: skipping incompatible /lib/../lib/libgcc_s.so.1 when searching for libgcc_s.so.1
/home/zareth/Pixel3/toolchain/proton-clang/bin/ld: /usr/lib/../lib/libgcc_s.so.1: unknown type [0x13] section `.relr.dyn'
/home/zareth/Pixel3/toolchain/proton-clang/bin/ld: skipping incompatible /usr/lib/../lib/libgcc_s.so.1 when searching for libgcc_s.so.1
/home/zareth/Pixel3/toolchain/proton-clang/bin/ld: /usr/lib/gcc/x86_64-pc-linux-gnu/16.1.1/../../../libgcc_s.so.1: unknown type [0x13] section `.relr.dyn'
/home/zareth/Pixel3/toolchain/proton-clang/bin/ld: skipping incompatible /usr/lib/gcc/x86_64-pc-linux-gnu/16.1.1/../../../libgcc_s.so.1 when searching for libgcc_s.so.1
/home/zareth/Pixel3/toolchain/proton-clang/bin/ld: /lib/libgcc_s.so.1: unknown type [0x13] section `.relr.dyn'
/home/zareth/Pixel3/toolchain/proton-clang/bin/ld: skipping incompatible /lib/libgcc_s.so.1 when searching for libgcc_s.so.1
/home/zareth/Pixel3/toolchain/proton-clang/bin/ld: /usr/lib/libgcc_s.so.1: unknown type [0x13] section `.relr.dyn'
/home/zareth/Pixel3/toolchain/proton-clang/bin/ld: skipping incompatible /usr/lib/libgcc_s.so.1 when searching for libgcc_s.so.1
/home/zareth/Pixel3/toolchain/proton-clang/bin/ld: /lib64/libgcc_s.so.1: unknown type [0x13] section `.relr.dyn'
/home/zareth/Pixel3/toolchain/proton-clang/bin/ld: skipping incompatible /lib64/libgcc_s.so.1 when searching for libgcc_s.so.1
/home/zareth/Pixel3/toolchain/proton-clang/bin/ld: /usr/lib64/libgcc_s.so.1: unknown type [0x13] section `.relr.dyn'
/home/zareth/Pixel3/toolchain/proton-clang/bin/ld: skipping incompatible /usr/lib64/libgcc_s.so.1 when searching for libgcc_s.so.1
/home/zareth/Pixel3/toolchain/proton-clang/bin/ld: /usr/lib/gcc/x86_64-pc-linux-gnu/16.1.1/../../../../lib/libgcc_s.so.1: unknown type [/home/zareth/Pixel3/toolchain/proton-clang/bin/ld: 0x13] section `/lib/libgcc_s.so.1.relr.dyn: unknown type ['
0x13] section `.relr.dyn'
/home/zareth/Pixel3/toolchain/proton-clang/bin/ld: skipping incompatible /lib/libgcc_s.so.1 when searching for libgcc_s.so.1
/home/zareth/Pixel3/toolchain/proton-clang/bin/ld: skipping incompatible /usr/lib/gcc/x86_64-pc-linux-gnu/16.1.1/../../../../lib/libgcc_s.so.1 when searching for libgcc_s.so.1
/home/zareth/Pixel3/toolchain/proton-clang/bin/ld: /usr/lib/libgcc_s.so.1: unknown type [0x13] section `.relr.dyn'
/home/zareth/Pixel3/toolchain/proton-clang/bin/ld: /usr/lib/gcc/x86_64-pc-linux-gnu/16.1.1/../../../../lib/libgcc_s.so.1: unknown type [0x13] section `.relr.dyn'
/home/zareth/Pixel3/toolchain/proton-clang/bin/ld: skipping incompatible /usr/lib/libgcc_s.so.1 when searching for libgcc_s.so.1
/home/zareth/Pixel3/toolchain/proton-clang/bin/ld: skipping incompatible /usr/lib/gcc/x86_64-pc-linux-gnu/16.1.1/../../../../lib/libgcc_s.so.1 when searching for libgcc_s.so.1
/home/zareth/Pixel3/toolchain/proton-clang/bin/ld: cannot find libgcc_s.so.1
/home/zareth/Pixel3/toolchain/proton-clang/bin/ld: /lib/../lib/libgcc_s.so.1: unknown type [0x13] section `.relr.dyn'
/home/zareth/Pixel3/toolchain/proton-clang/bin/ld: /usr/lib/gcc/x86_64-pc-linux-gnu/16.1.1/../../../../lib/libgcc_s.so.1: unknown type [0x13] section `.relr.dyn'
/home/zareth/Pixel3/toolchain/proton-clang/bin/ld: skipping incompatible /lib/../lib/libgcc_s.so.1 when searching for libgcc_s.so.1
/home/zareth/Pixel3/toolchain/proton-clang/bin/ld: /usr/lib/../lib/libgcc_s.so.1: unknown type [0x13] section `.relr.dyn'
/home/zareth/Pixel3/toolchain/proton-clang/bin/ld: skipping incompatible /usr/lib/gcc/x86_64-pc-linux-gnu/16.1.1/../../../../lib/libgcc_s.so.1 when searching for libgcc_s.so.1
/home/zareth/Pixel3/toolchain/proton-clang/bin/ld: skipping incompatible /usr/lib/../lib/libgcc_s.so.1 when searching for libgcc_s.so.1
/home/zareth/Pixel3/toolchain/proton-clang/bin/ld: /lib/../lib/libgcc_s.so.1: unknown type [0x13] section `.relr.dyn'
/home/zareth/Pixel3/toolchain/proton-clang/bin/ld: /usr/lib/gcc/x86_64-pc-linux-gnu/16.1.1/../../../libgcc_s.so.1: unknown type [0x13] section `.relr.dyn'
/home/zareth/Pixel3/toolchain/proton-clang/bin/ld: skipping incompatible /lib/../lib/libgcc_s.so.1 when searching for libgcc_s.so.1/home/zareth/Pixel3/toolchain/proton-clang/bin/ld
: skipping incompatible /usr/lib/gcc/x86_64-pc-linux-gnu/16.1.1/../../../libgcc_s.so.1 when searching for libgcc_s.so.1
/home/zareth/Pixel3/toolchain/proton-clang/bin/ld: /usr/lib/../lib/libgcc_s.so.1: unknown type [0x13/home/zareth/Pixel3/toolchain/proton-clang/bin/ld: ] section `/lib/libgcc_s.so.1.relr.dyn: unknown type ['
0x13] section `.relr.dyn'
/home/zareth/Pixel3/toolchain/proton-clang/bin/ld: skipping incompatible /usr/lib/../lib/libgcc_s.so.1 when searching for libgcc_s.so.1
/home/zareth/Pixel3/toolchain/proton-clang/bin/ld: skipping incompatible /lib/libgcc_s.so.1 when searching for libgcc_s.so.1
/home/zareth/Pixel3/toolchain/proton-clang/bin/ld: /usr/lib/libgcc_s.so.1: unknown type [0x13] section `.relr.dyn'
/home/zareth/Pixel3/toolchain/proton-clang/bin/ld: skipping incompatible /usr/lib/libgcc_s.so.1 when searching for libgcc_s.so.1
/home/zareth/Pixel3/toolchain/proton-clang/bin/ld: /usr/lib/gcc/x86_64-pc-linux-gnu/16.1.1/../../../libgcc_s.so.1: unknown type [0x13] section `.relr.dyn'
/home/zareth/Pixel3/toolchain/proton-clang/bin/ld: /lib64/libgcc_s.so.1: unknown type [0x13] section `.relr.dyn'
/home/zareth/Pixel3/toolchain/proton-clang/bin/ld: skipping incompatible /lib64/libgcc_s.so.1 when searching for libgcc_s.so.1
/home/zareth/Pixel3/toolchain/proton-clang/bin/ld: skipping incompatible /usr/lib/gcc/x86_64-pc-linux-gnu/16.1.1/../../../libgcc_s.so.1 when searching for libgcc_s.so.1
/home/zareth/Pixel3/toolchain/proton-clang/bin/ld: /usr/lib64/libgcc_s.so.1: unknown type [0x13] section `.relr.dyn'
/home/zareth/Pixel3/toolchain/proton-clang/bin/ld: /lib/libgcc_s.so.1: unknown type [0x13] section `.relr.dyn'
/home/zareth/Pixel3/toolchain/proton-clang/bin/ld: skipping incompatible /usr/lib64/libgcc_s.so.1 when searching for libgcc_s.so.1
/home/zareth/Pixel3/toolchain/proton-clang/bin/ld: /lib/libgcc_s.so.1: unknown type [0x13] section `.relr.dyn'
/home/zareth/Pixel3/toolchain/proton-clang/bin/ld: skipping incompatible /lib/libgcc_s.so.1 when searching for libgcc_s.so.1
/home/zareth/Pixel3/toolchain/proton-clang/bin/ld: skipping incompatible /lib/libgcc_s.so.1 when searching for libgcc_s.so.1
/home/zareth/Pixel3/toolchain/proton-clang/bin/ld: /usr/lib/libgcc_s.so.1: unknown type [0x13] section `.relr.dyn'
/home/zareth/Pixel3/toolchain/proton-clang/bin/ld: /usr/lib/libgcc_s.so.1: unknown type [0x13] section `.relr.dyn'
/home/zareth/Pixel3/toolchain/proton-clang/bin/ld: skipping incompatible /usr/lib/libgcc_s.so.1 when searching for libgcc_s.so.1
/home/zareth/Pixel3/toolchain/proton-clang/bin/ld: skipping incompatible /usr/lib/libgcc_s.so.1 when searching for libgcc_s.so.1
/home/zareth/Pixel3/toolchain/proton-clang/bin/ld: cannot find libgcc_s.so.1
/home/zareth/Pixel3/toolchain/proton-clang/bin/ld: /lib64/libgcc_s.so.1: unknown type [0x13] section `.relr.dyn'
/home/zareth/Pixel3/toolchain/proton-clang/bin/ld: /usr/lib/gcc/x86_64-pc-linux-gnu/16.1.1/../../../../lib/libgcc_s.so.1: unknown type [0x13] section `.relr.dyn'
/home/zareth/Pixel3/toolchain/proton-clang/bin/ld: skipping incompatible /lib64/libgcc_s.so.1 when searching for libgcc_s.so.1
/home/zareth/Pixel3/toolchain/proton-clang/bin/ld: skipping incompatible /usr/lib/gcc/x86_64-pc-linux-gnu/16.1.1/../../../../lib/libgcc_s.so.1 when searching for libgcc_s.so.1
/home/zareth/Pixel3/toolchain/proton-clang/bin/ld: /usr/lib64/libgcc_s.so.1: unknown type [0x13] section `.relr.dyn'
/home/zareth/Pixel3/toolchain/proton-clang/bin/ld: /lib/../lib/libgcc_s.so.1: unknown type [0x13] section `.relr.dyn'
/home/zareth/Pixel3/toolchain/proton-clang/bin/ld: skipping incompatible /usr/lib64/libgcc_s.so.1 when searching for libgcc_s.so.1
/home/zareth/Pixel3/toolchain/proton-clang/bin/ld: /lib/libgcc_s.so.1: unknown type [0x13] section `.relr.dyn'
/home/zareth/Pixel3/toolchain/proton-clang/bin/ld: skipping incompatible /lib/libgcc_s.so.1 when searching for libgcc_s.so.1
/home/zareth/Pixel3/toolchain/proton-clang/bin/ld: /usr/lib/libgcc_s.so.1: unknown type [0x13] section `.relr.dyn'
/home/zareth/Pixel3/toolchain/proton-clang/bin/ld: skipping incompatible /usr/lib/libgcc_s.so.1 when searching for libgcc_s.so.1
collect2: error: ld returned 1 exit status
/home/zareth/Pixel3/toolchain/proton-clang/bin/ld: skipping incompatible /lib/../lib/libgcc_s.so.1 when searching for libgcc_s.so.1
/home/zareth/Pixel3/toolchain/proton-clang/bin/ld: /usr/lib/../lib/libgcc_s.so.1: unknown type [0x13] section `.relr.dyn'
/home/zareth/Pixel3/toolchain/proton-clang/bin/ld: skipping incompatible /usr/lib/../lib/libgcc_s.so.1 when searching for libgcc_s.so.1
/home/zareth/Pixel3/toolchain/proton-clang/bin/ld: /usr/lib/gcc/x86_64-pc-linux-gnu/16.1.1/../../../libgcc_s.so.1: unknown type [0x13] section `.relr.dyn'
/home/zareth/Pixel3/toolchain/proton-clang/bin/ld: skipping incompatible /usr/lib/gcc/x86_64-pc-linux-gnu/16.1.1/../../../libgcc_s.so.1 when searching for libgcc_s.so.1
/home/zareth/Pixel3/toolchain/proton-clang/bin/ld: /lib/libgcc_s.so.1: unknown type [0x13] section `.relr.dyn'
/home/zareth/Pixel3/toolchain/proton-clang/bin/ld: skipping incompatible /lib/libgcc_s.so.1 when searching for libgcc_s.so.1
/home/zareth/Pixel3/toolchain/proton-clang/bin/ld: /usr/lib/libgcc_s.so.1: unknown type [0x13] section `.relr.dyn'
/home/zareth/Pixel3/toolchain/proton-clang/bin/ld: skipping incompatible /usr/lib/libgcc_s.so.1 when searching for libgcc_s.so.1
/home/zareth/Pixel3/toolchain/proton-clang/bin/ld: /lib64/libgcc_s.so.1: unknown type [0x13] section `.relr.dyn'
/home/zareth/Pixel3/toolchain/proton-clang/bin/ld: skipping incompatible /lib64/libgcc_s.so.1 when searching for libgcc_s.so.1
/home/zareth/Pixel3/toolchain/proton-clang/bin/ld: /usr/lib64/libgcc_s.so.1: unknown type [0x13] section `.relr.dyn'
/home/zareth/Pixel3/toolchain/proton-clang/bin/ld: skipping incompatible /usr/lib64/libgcc_s.so.1 when searching for libgcc_s.so.1
/home/zareth/Pixel3/toolchain/proton-clang/bin/ld: /lib/libgcc_s.so.1: unknown type [0x13] section `.relr.dyn'
/home/zareth/Pixel3/toolchain/proton-clang/bin/ld: skipping incompatible /lib/libgcc_s.so.1 when searching for libgcc_s.so.1
/home/zareth/Pixel3/toolchain/proton-clang/bin/ld: /usr/lib/libgcc_s.so.1: unknown type [0x13] section `.relr.dyn'
/home/zareth/Pixel3/toolchain/proton-clang/bin/ld: skipping incompatible /usr/lib/libgcc_s.so.1 when searching for libgcc_s.so.1
collect2: error: ld returned 1 exit status
make[2]: *** [scripts/Makefile.host:101: scripts/kallsyms] Error 1
make[2]: *** [scripts/Makefile.host:101: scripts/sortextable] Error 1
/tmp/cceWhNKa.s: Assembler messages:
/tmp/cceWhNKa.s:3697: Error: unknown pseudo-op: `.base64'
make[2]: *** [scripts/Makefile.host:101: scripts/asn1_compiler] Error 1
/tmp/ccNnaeJi.s: Assembler messages:
/tmp/ccNnaeJi.s:1722: Error: unknown pseudo-op: `.base64'
/tmp/ccNnaeJi.s:3065: Error: unknown pseudo-op: `.base64'
/tmp/ccNnaeJi.s:3070: Error: unknown pseudo-op: `.base64'
/tmp/ccNnaeJi.s:3540: Error: unknown pseudo-op: `.base64'
/tmp/ccNnaeJi.s:3541: Error: unknown pseudo-op: `.base64'
/tmp/ccNnaeJi.s:3684: Error: unknown pseudo-op: `.base64'
/tmp/ccNnaeJi.s:3685: Error: unknown pseudo-op: `.base64'
make[3]: *** [scripts/Makefile.host:118: scripts/genksyms/parse.tab.o] Error 1
make[3]: *** Waiting for unfinished jobs....
  CHK     include/generated/timeconst.h
  CC      kernel/bounds.s
  UPD     include/generated/timeconst.h
  CHK     include/generated/bounds.h
  UPD     include/generated/bounds.h
  CC      arch/arm64/kernel/asm-offsets.s
make[2]: *** [../scripts/Makefile.build:656: scripts/genksyms] Error 2
make[1]: *** [/home/zareth/Pixel3/msm-kernel/Makefile:579: scripts] Error 2
make[1]: *** Waiting for unfinished jobs....
  CHK     include/generated/asm-offsets.h
  UPD     include/generated/asm-offsets.h
  CALL    ../scripts/checksyscalls.sh
make: *** [Makefile:152: sub-make] Error 2
